<?xml version="1.0" encoding="UTF-8"?>
<!-- Generated by org.testng.reporters.JUnitReportReporter -->
<testsuite name="SeleniumMethod.TestNGGroups" tests="4" time="0.018" ignored="0" failures="0" timestamp="30 Nov 2019 00:23:17 GMT" skipped="0" hostname="YASUs-MacBook-Pro.local" errors="0">
  <testcase name="tc4" time="0.002" classname="SeleniumMethod.TestNGGroups"/>
  <testcase name="tc2" time="0.002" classname="SeleniumMethod.TestNGGroups"/>
  <testcase name="tc3" time="0.002" classname="SeleniumMethod.TestNGGroups"/>
  <testcase name="tc1" time="0.012" classname="SeleniumMethod.TestNGGroups"/>
</testsuite> <!-- SeleniumMethod.TestNGGroups -->
