<?xml version="1.0" encoding="UTF-8"?>
<!-- Generated by org.testng.reporters.JUnitReportReporter -->
<testsuite name="SeleniumMethod.ScreenShotConcept" tests="1" time="8.244" ignored="0" failures="0" timestamp="29 Oct 2019 21:47:48 GMT" skipped="0" hostname="YASUs-MacBook-Pro.local" errors="0">
  <testcase name="takeScreenShot" time="8.244" classname="SeleniumMethod.ScreenShotConcept"/>
</testsuite> <!-- SeleniumMethod.ScreenShotConcept -->
