<?xml version="1.0" encoding="UTF-8"?>
<!-- Generated by org.testng.reporters.JUnitReportReporter -->
<testsuite name="Annotation.TestAnnotation" tests="1" time="0.041" ignored="2" failures="0" timestamp="29 Nov 2019 23:40:44 GMT" skipped="0" hostname="YASUs-MacBook-Pro.local" errors="0">
  <testcase name="bTest" time="0.041" classname="Annotation.TestAnnotation"/>
  <testcase name="cTest" classname="Annotation.TestAnnotation">
    <skipped/>
  </testcase> <!-- cTest -->
  <testcase name="aTest" classname="Annotation.TestAnnotation">
    <skipped/>
  </testcase> <!-- aTest -->
</testsuite> <!-- Annotation.TestAnnotation -->
