<?xml version="1.0" encoding="UTF-8"?>
<!-- Generated by org.testng.reporters.JUnitReportReporter -->
<testsuite name="Annotation.SingleDependency" tests="4" time="0.063" ignored="0" failures="0" timestamp="19 Nov 2019 19:24:29 GMT" skipped="0" hostname="YASUs-MacBook-Pro.local" errors="0">
  <testcase name="verify" time="0.002" classname="Annotation.SingleDependency"/>
  <testcase name="start" time="0.053" classname="Annotation.SingleDependency"/>
  <testcase name="process" time="0.002" classname="Annotation.SingleDependency"/>
  <testcase name="stop" time="0.006" classname="Annotation.SingleDependency"/>
</testsuite> <!-- Annotation.SingleDependency -->
