<?xml version="1.0" encoding="UTF-8"?>
<!-- Generated by org.testng.reporters.JUnitReportReporter -->
<testsuite name="HTMLforTestNG.ScippingTests" tests="2" time="0.017" ignored="1" failures="0" timestamp="22 Nov 2019 23:11:44 GMT" skipped="0" hostname="YASUs-MacBook-Pro.local" errors="0">
  <testcase name="firstTest" time="0.013" classname="HTMLforTestNG.ScippingTests"/>
  <testcase name="thirdTest" time="0.004" classname="HTMLforTestNG.ScippingTests"/>
  <testcase name="secondTest" classname="HTMLforTestNG.ScippingTests">
    <skipped/>
  </testcase> <!-- secondTest -->
</testsuite> <!-- HTMLforTestNG.ScippingTests -->
