<?xml version="1.0" encoding="UTF-8"?>
<!-- Generated by org.testng.reporters.JUnitReportReporter -->
<testsuite name="SeleniumMethod.SoftAssortation" tests="1" time="0.017" ignored="0" failures="0" timestamp="21 Nov 2019 19:13:57 GMT" skipped="0" hostname="YASUs-MacBook-Pro.local" errors="0">
  <testcase name="softAssert" time="0.017" classname="SeleniumMethod.SoftAssortation"/>
</testsuite> <!-- SeleniumMethod.SoftAssortation -->
