<?xml version="1.0" encoding="UTF-8"?>
<!-- Generated by org.testng.reporters.JUnitReportReporter -->
<testsuite name="TestAnnotation" tests="1" time="0.038" ignored="0" failures="0" timestamp="15 Nov 2019 23:21:13 GMT" skipped="0" hostname="YASUs-MacBook-Pro.local" errors="0">
  <testcase name="aTest" time="0.038" classname="TestAnnotation"/>
</testsuite> <!-- TestAnnotation -->
