<?xml version="1.0" encoding="UTF-8"?>
<!-- Generated by org.testng.reporters.JUnitReportReporter -->
<testsuite name="SeleniumMethod.ActionsPractice1" tests="1" time="4.573" ignored="0" failures="0" timestamp="08 Nov 2019 23:36:46 GMT" skipped="0" hostname="YASUs-MacBook-Pro.local" errors="0">
  <testcase name="testKeys_Chord" time="4.573" classname="SeleniumMethod.ActionsPractice1"/>
</testsuite> <!-- SeleniumMethod.ActionsPractice1 -->
