<?xml version="1.0" encoding="UTF-8"?>
<!-- Generated by org.testng.reporters.JUnitReportReporter -->
<testsuite name="SeleniumMethod.TestNGGroups2" tests="1" time="0.012" ignored="12" failures="0" timestamp="30 Nov 2019 00:06:37 GMT" skipped="0" hostname="YASUs-MacBook-Pro.local" errors="0">
  <testcase name="testMethodTwo" time="0.012" classname="SeleniumMethod.TestNGGroups2"/>
  <testcase name="softAssertOne" classname="SeleniumMethod.CompareBoth">
    <skipped/>
  </testcase> <!-- softAssertOne -->
  <testcase name="hardAssertOne" classname="SeleniumMethod.CompareBoth">
    <skipped/>
  </testcase> <!-- hardAssertOne -->
  <testcase name="tc4" classname="SeleniumMethod.TestNGGroups">
    <skipped/>
  </testcase> <!-- tc4 -->
  <testcase name="tc1" classname="SeleniumMethod.TestNGGroups">
    <skipped/>
  </testcase> <!-- tc1 -->
  <testcase name="tc2" classname="SeleniumMethod.TestNGGroups">
    <skipped/>
  </testcase> <!-- tc2 -->
  <testcase name="tc3" classname="SeleniumMethod.TestNGGroups">
    <skipped/>
  </testcase> <!-- tc3 -->
  <testcase name="TestSoftAssertTwo" classname="SeleniumMethod.SoftAssertIssue">
    <skipped/>
  </testcase> <!-- TestSoftAssertTwo -->
  <testcase name="TestSoftAssertOne" classname="SeleniumMethod.SoftAssertIssue">
    <skipped/>
  </testcase> <!-- TestSoftAssertOne -->
  <testcase name="testMethodThree" classname="SeleniumMethod.TestNGGroups2">
    <skipped/>
  </testcase> <!-- testMethodThree -->
  <testcase name="testMethodOne" classname="SeleniumMethod.TestNGGroups2">
    <skipped/>
  </testcase> <!-- testMethodOne -->
  <testcase name="testKeys_Chord" classname="SeleniumMethod.ActionsPractice1">
    <skipped/>
  </testcase> <!-- testKeys_Chord -->
  <testcase name="softAssert" classname="SeleniumMethod.SoftAssortation">
    <skipped/>
  </testcase> <!-- softAssert -->
</testsuite> <!-- SeleniumMethod.TestNGGroups2 -->
