<?xml version="1.0" encoding="UTF-8"?>
<!-- Generated by org.testng.reporters.JUnitReportReporter -->
<testsuite name="Annotation.TimeOuts" tests="2" time="1.459" ignored="0" failures="0" timestamp="19 Nov 2019 19:08:33 GMT" skipped="0" hostname="YASUs-MacBook-Pro.local" errors="0">
  <testcase name="timeTestTwo" time="0.408" classname="Annotation.TimeOuts"/>
  <testcase name="timeTestOne" time="1.051" classname="Annotation.TimeOuts"/>
</testsuite> <!-- Annotation.TimeOuts -->
